Arguments: 
  C:\Program Files\nodejs\node.exe C:\Users\napal\AppData\Roaming\npm\node_modules\yarn\bin\yarn.js

PATH: 
  C:\Windows\System32\HWAudioDriverLibs;C:\Windows\system32;C:\Windows;C:\Windows\System32\Wbem;C:\Windows\System32\WindowsPowerShell\v1.0\;C:\Windows\System32\OpenSSH\;C:\Windows\system32\config\systemprofile\AppData\Local\Microsoft\WindowsApps;C:\Program Files\PuTTY\;C:\WINDOWS\system32;C:\WINDOWS;C:\WINDOWS\System32\Wbem;C:\WINDOWS\System32\WindowsPowerShell\v1.0\;C:\WINDOWS\System32\OpenSSH\;C:\Program Files\nodejs\;C:\Users\napal\AppData\Local\Microsoft\WindowsApps;C:\Users\napal\AppData\Local\Programs\Microsoft VS Code\bin;C:\jdk1.8.0;C:\jdk1.8.0\bin;C:\Users\napal\AppData\Roaming\npm

Yarn version: 
  1.22.19

Node version: 
  18.12.0

Platform: 
  win32 x64

Trace: 
  Error: https://registry.yarnpkg.com/@bds%2fcommon-components: Not found
      at params.callback [as _callback] (C:\Users\napal\AppData\Roaming\npm\node_modules\yarn\lib\cli.js:66145:18)
      at self.callback (C:\Users\napal\AppData\Roaming\npm\node_modules\yarn\lib\cli.js:140890:22)
      at Request.emit (node:events:513:28)
      at Request.<anonymous> (C:\Users\napal\AppData\Roaming\npm\node_modules\yarn\lib\cli.js:141862:10)
      at Request.emit (node:events:513:28)
      at IncomingMessage.<anonymous> (C:\Users\napal\AppData\Roaming\npm\node_modules\yarn\lib\cli.js:141784:12)
      at Object.onceWrapper (node:events:627:28)
      at IncomingMessage.emit (node:events:525:35)
      at endReadableNT (node:internal/streams/readable:1359:12)
      at process.processTicksAndRejections (node:internal/process/task_queues:82:21)

npm manifest: 
  {
    "name": "scripta",
    "version": "0.0.0",
    "scripts": {
      "ng": "ng",
      "start": "ng serve",
      "build": "ng build",
      "test": "ng test",
      "lint": "ng lint",
      "e2e": "ng e2e"
    },
    "private": true,
    "dependencies": {
      "@angular/animations": "12.2.16",
      "@angular/cdk": "12.2.13",
      "@angular/common": "12.2.16",
      "@angular/compiler": "12.2.16",
      "@angular/core": "12.2.16",
      "@angular/forms": "12.2.16",
      "@angular/material": "12.2.13",
      "@angular/platform-browser": "12.2.16",
      "@angular/platform-browser-dynamic": "12.2.16",
      "@angular/router": "12.2.16",
      "@bds/common-components": "3.2.8",
      "@bds/common-tools": "3.2.0",
      "@bds/internauta-model": "3.2.4",
      "@bds/jwt-login": "3.2.3",
      "@bds/next-sdr": "6.0.0",
      "@bds/primeng-plugin": "3.2.0",
      "@ng-idle/core": "11.1.0",
      "@ng-idle/keepalive": "11.0.3",
      "bowser": "2.11.0",
      "core-js": "3.21.1",
      "primeflex": "2.0.0",
      "primeicons": "5.0.0",
      "primeng": "13.3.2",
      "rxjs": "7.5.5",
      "tslib": "2.3.1",
      "zone.js": "0.11.5"
    },
    "devDependencies": {
      "@angular-devkit/build-angular": "12.2.17",
      "@angular/cli": "12.2.17",
      "@angular/compiler-cli": "12.2.16",
      "@angular/language-service": "12.2.16",
      "@fortawesome/fontawesome-free": "6.1.1",
      "@types/jasmine": "3.6.3",
      "@types/jasminewd2": "2.0.8",
      "@types/node": "14.14.22",
      "codelyzer": "6.0.1",
      "jasmine-core": "3.6.0",
      "jasmine-spec-reporter": "6.0.0",
      "karma": "6.3.17",
      "karma-chrome-launcher": "3.1.0",
      "karma-coverage-istanbul-reporter": "3.0.3",
      "karma-jasmine": "4.0.1",
      "karma-jasmine-html-reporter": "1.5.4",
      "protractor": "7.0.0",
      "ts-node": "9.1.1",
      "tslint": "6.1.3",
      "typescript": "4.3.5"
    }
  }

yarn manifest: 
  No manifest

Lockfile: 
  No lockfile
